<?xml version="1.0" encoding="UTF-8"?>
<!-- Generated by org.testng.reporters.JUnitXMLReporter -->
<testsuite hostname="dell" ignored="0" name="Test" tests="1" failures="1" timestamp="15 Jul 2019 17:24:48 GMT" time="129.157" errors="0">
  <testcase name="f" time="128.964" classname="srcTestNG.ObjRepoTest">
    <failure type="java.lang.IllegalArgumentException" message="Cannot find elements when the XPath is null.">
      <![CDATA[java.lang.IllegalArgumentException: Cannot find elements when the XPath is null.at org.openqa.selenium.By$ByXPath.<init>(By.java:339)at org.openqa.selenium.By.xpath(By.java:92)at srcTestNG.methodClass.PrintText(methodClass.java:38)at srcTestNG.ObjRepoTest.execute_Actions(ObjRepoTest.java:62)at srcTestNG.ObjRepoTest.f(ObjRepoTest.java:39)... Removed 25 stack frames]]>
    </failure>
  </testcase> <!-- f -->
</testsuite> <!-- Test -->
